
 /----------------------------------------------------------------------------\
 |                                                                            |
 |  yosys -- Yosys Open SYnthesis Suite                                       |
 |                                                                            |
 |  Copyright (C) 2012 - 2020  Claire Xenia Wolf <claire@yosyshq.com>         |
 |                                                                            |
 |  Permission to use, copy, modify, and/or distribute this software for any  |
 |  purpose with or without fee is hereby granted, provided that the above    |
 |  copyright notice and this permission notice appear in all copies.         |
 |                                                                            |
 |  THE SOFTWARE IS PROVIDED "AS IS" AND THE AUTHOR DISCLAIMS ALL WARRANTIES  |
 |  WITH REGARD TO THIS SOFTWARE INCLUDING ALL IMPLIED WARRANTIES OF          |
 |  MERCHANTABILITY AND FITNESS. IN NO EVENT SHALL THE AUTHOR BE LIABLE FOR   |
 |  ANY SPECIAL, DIRECT, INDIRECT, OR CONSEQUENTIAL DAMAGES OR ANY DAMAGES    |
 |  WHATSOEVER RESULTING FROM LOSS OF USE, DATA OR PROFITS, WHETHER IN AN     |
 |  ACTION OF CONTRACT, NEGLIGENCE OR OTHER TORTIOUS ACTION, ARISING OUT OF   |
 |  OR IN CONNECTION WITH THE USE OR PERFORMANCE OF THIS SOFTWARE.            |
 |                                                                            |
 \----------------------------------------------------------------------------/

 Yosys 0.33+6 (git sha1 41b34a193, x86_64-conda-linux-gnu-cc 11.2.0 -fvisibility-inlines-hidden -fmessage-length=0 -march=nocona -mtune=haswell -ftree-vectorize -fPIC -fstack-protector-strong -fno-plt -O2 -ffunction-sections -fdebug-prefix-map=/root/conda-eda/conda-eda/workdir/conda-env/conda-bld/yosys_1694128612374/work=/usr/local/src/conda/yosys-0.33_7_g41b34a193 -fdebug-prefix-map=/home/ale/miniconda3/envs/digital=/usr/local/src/conda-prefix -fPIC -Os -fno-merge-constants)


-- Parsing `internal/acc.v' using frontend ` -vlog2k' --

1. Executing Verilog-2005 frontend: internal/acc.v
Parsing Verilog input from `internal/acc.v' to AST representation.
Storing AST representation for module `$abstract\acc'.
Successfully finished Verilog frontend.

-- Parsing `internal/comp.v' using frontend ` -vlog2k' --

2. Executing Verilog-2005 frontend: internal/comp.v
Parsing Verilog input from `internal/comp.v' to AST representation.
Storing AST representation for module `$abstract\comp'.
Successfully finished Verilog frontend.

-- Parsing `internal/control_mult.v' using frontend ` -vlog2k' --

3. Executing Verilog-2005 frontend: internal/control_mult.v
Parsing Verilog input from `internal/control_mult.v' to AST representation.
Storing AST representation for module `$abstract\control_mult'.
Successfully finished Verilog frontend.

-- Parsing `internal/lsr.v' using frontend ` -vlog2k' --

4. Executing Verilog-2005 frontend: internal/lsr.v
Parsing Verilog input from `internal/lsr.v' to AST representation.
Storing AST representation for module `$abstract\lsr'.
Successfully finished Verilog frontend.

-- Parsing `internal/rsr.v' using frontend ` -vlog2k' --

5. Executing Verilog-2005 frontend: internal/rsr.v
Parsing Verilog input from `internal/rsr.v' to AST representation.
Storing AST representation for module `$abstract\rsr'.
Successfully finished Verilog frontend.

-- Parsing `top.v' using frontend ` -vlog2k' --

6. Executing Verilog-2005 frontend: top.v
Parsing Verilog input from `top.v' to AST representation.
Storing AST representation for module `$abstract\top'.
Successfully finished Verilog frontend.

-- Running command `synth_ecp5 -top top -json top.json; write_verilog -attr2comment top_synth.v' --

7. Executing SYNTH_ECP5 pass.

7.1. Executing Verilog-2005 frontend: /home/ale/miniconda3/envs/digital/bin/../share/yosys/ecp5/cells_sim.v
Parsing Verilog input from `/home/ale/miniconda3/envs/digital/bin/../share/yosys/ecp5/cells_sim.v' to AST representation.
Generating RTLIL representation for module `\LUT4'.
Generating RTLIL representation for module `\$__ABC9_LUT5'.
Generating RTLIL representation for module `\$__ABC9_LUT6'.
Generating RTLIL representation for module `\$__ABC9_LUT7'.
Generating RTLIL representation for module `\L6MUX21'.
Generating RTLIL representation for module `\CCU2C'.
Generating RTLIL representation for module `\TRELLIS_RAM16X2'.
Generating RTLIL representation for module `\PFUMX'.
Generating RTLIL representation for module `\TRELLIS_DPR16X4'.
Generating RTLIL representation for module `\DPR16X4C'.
Generating RTLIL representation for module `\LUT2'.
Generating RTLIL representation for module `\TRELLIS_FF'.
Generating RTLIL representation for module `\TRELLIS_IO'.
Generating RTLIL representation for module `\INV'.
Generating RTLIL representation for module `\TRELLIS_COMB'.
Generating RTLIL representation for module `\DP16KD'.
Generating RTLIL representation for module `\FD1P3AX'.
Generating RTLIL representation for module `\FD1P3AY'.
Generating RTLIL representation for module `\FD1P3BX'.
Generating RTLIL representation for module `\FD1P3DX'.
Generating RTLIL representation for module `\FD1P3IX'.
Generating RTLIL representation for module `\FD1P3JX'.
Generating RTLIL representation for module `\FD1S3AX'.
Generating RTLIL representation for module `\FD1S3AY'.
Generating RTLIL representation for module `\FD1S3BX'.
Generating RTLIL representation for module `\FD1S3DX'.
Generating RTLIL representation for module `\FD1S3IX'.
Generating RTLIL representation for module `\FD1S3JX'.
Generating RTLIL representation for module `\IFS1P3BX'.
Generating RTLIL representation for module `\IFS1P3DX'.
Generating RTLIL representation for module `\IFS1P3IX'.
Generating RTLIL representation for module `\IFS1P3JX'.
Generating RTLIL representation for module `\OFS1P3BX'.
Generating RTLIL representation for module `\OFS1P3DX'.
Generating RTLIL representation for module `\OFS1P3IX'.
Generating RTLIL representation for module `\OFS1P3JX'.
Generating RTLIL representation for module `\IB'.
Generating RTLIL representation for module `\IBPU'.
Generating RTLIL representation for module `\IBPD'.
Generating RTLIL representation for module `\OB'.
Generating RTLIL representation for module `\OBZ'.
Generating RTLIL representation for module `\OBZPU'.
Generating RTLIL representation for module `\OBZPD'.
Generating RTLIL representation for module `\OBCO'.
Generating RTLIL representation for module `\BB'.
Generating RTLIL representation for module `\BBPU'.
Generating RTLIL representation for module `\BBPD'.
Generating RTLIL representation for module `\ILVDS'.
Generating RTLIL representation for module `\OLVDS'.
Successfully finished Verilog frontend.

7.2. Executing Verilog-2005 frontend: /home/ale/miniconda3/envs/digital/bin/../share/yosys/ecp5/cells_bb.v
Parsing Verilog input from `/home/ale/miniconda3/envs/digital/bin/../share/yosys/ecp5/cells_bb.v' to AST representation.
Generating RTLIL representation for module `\MULT18X18D'.
Generating RTLIL representation for module `\ALU54B'.
Generating RTLIL representation for module `\EHXPLLL'.
Generating RTLIL representation for module `\DTR'.
Generating RTLIL representation for module `\OSCG'.
Generating RTLIL representation for module `\USRMCLK'.
Generating RTLIL representation for module `\JTAGG'.
Generating RTLIL representation for module `\DELAYF'.
Generating RTLIL representation for module `\DELAYG'.
Generating RTLIL representation for module `\IDDRX1F'.
Generating RTLIL representation for module `\IDDRX2F'.
Generating RTLIL representation for module `\IDDR71B'.
Generating RTLIL representation for module `\IDDRX2DQA'.
Generating RTLIL representation for module `\ODDRX1F'.
Generating RTLIL representation for module `\ODDRX2F'.
Generating RTLIL representation for module `\ODDR71B'.
Generating RTLIL representation for module `\OSHX2A'.
Generating RTLIL representation for module `\ODDRX2DQA'.
Generating RTLIL representation for module `\ODDRX2DQSB'.
Generating RTLIL representation for module `\TSHX2DQA'.
Generating RTLIL representation for module `\TSHX2DQSA'.
Generating RTLIL representation for module `\DQSBUFM'.
Generating RTLIL representation for module `\DDRDLLA'.
Generating RTLIL representation for module `\DLLDELD'.
Generating RTLIL representation for module `\CLKDIVF'.
Generating RTLIL representation for module `\ECLKSYNCB'.
Generating RTLIL representation for module `\ECLKBRIDGECS'.
Generating RTLIL representation for module `\DCCA'.
Generating RTLIL representation for module `\DCSC'.
Generating RTLIL representation for module `\DCUA'.
Generating RTLIL representation for module `\EXTREFB'.
Generating RTLIL representation for module `\PCSCLKDIV'.
Generating RTLIL representation for module `\PUR'.
Generating RTLIL representation for module `\GSR'.
Generating RTLIL representation for module `\SGSR'.
Generating RTLIL representation for module `\PDPW16KD'.
Successfully finished Verilog frontend.

7.3. Executing HIERARCHY pass (managing design hierarchy).

7.4. Executing AST frontend in derive mode using pre-parsed AST for module `\top'.
Generating RTLIL representation for module `\top'.

7.4.1. Analyzing design hierarchy..
Top module:  \top

7.4.2. Executing AST frontend in derive mode using pre-parsed AST for module `\control_mult'.
Generating RTLIL representation for module `\control_mult'.
Parameter \WIDTH = 4

7.4.3. Executing AST frontend in derive mode using pre-parsed AST for module `\lsr'.
Parameter \WIDTH = 4
Generating RTLIL representation for module `$paramod\lsr\WIDTH=s32'00000000000000000000000000000100'.
Parameter \WIDTH = 4

7.4.4. Executing AST frontend in derive mode using pre-parsed AST for module `\rsr'.
Parameter \WIDTH = 4
Generating RTLIL representation for module `$paramod\rsr\WIDTH=s32'00000000000000000000000000000100'.
Parameter \WIDTH = 4

7.4.5. Executing AST frontend in derive mode using pre-parsed AST for module `\comp'.
Parameter \WIDTH = 4
Generating RTLIL representation for module `$paramod\comp\WIDTH=s32'00000000000000000000000000000100'.
Parameter \WIDTH = 8

7.4.6. Executing AST frontend in derive mode using pre-parsed AST for module `\acc'.
Parameter \WIDTH = 8
Generating RTLIL representation for module `$paramod\acc\WIDTH=s32'00000000000000000000000000001000'.

7.4.7. Analyzing design hierarchy..
Top module:  \top
Used module:     \control_mult
Used module:     $paramod\lsr\WIDTH=s32'00000000000000000000000000000100
Used module:     $paramod\rsr\WIDTH=s32'00000000000000000000000000000100
Used module:     $paramod\comp\WIDTH=s32'00000000000000000000000000000100
Used module:     $paramod\acc\WIDTH=s32'00000000000000000000000000001000

7.4.8. Analyzing design hierarchy..
Top module:  \top
Used module:     \control_mult
Used module:     $paramod\lsr\WIDTH=s32'00000000000000000000000000000100
Used module:     $paramod\rsr\WIDTH=s32'00000000000000000000000000000100
Used module:     $paramod\comp\WIDTH=s32'00000000000000000000000000000100
Used module:     $paramod\acc\WIDTH=s32'00000000000000000000000000001000
Removing unused module `$abstract\top'.
Removing unused module `$abstract\rsr'.
Removing unused module `$abstract\lsr'.
Removing unused module `$abstract\control_mult'.
Removing unused module `$abstract\comp'.
Removing unused module `$abstract\acc'.
Removed 6 unused modules.
Warning: Resizing cell port top.lsr_instance.s_A from 8 bits to 4 bits.
Warning: Resizing cell port top.lsr_instance.in_A from 8 bits to 4 bits.

7.5. Executing PROC pass (convert processes to netlists).

7.5.1. Executing PROC_CLEAN pass (remove empty switches from decision trees).
Found and cleaned up 1 empty switch in `\TRELLIS_DPR16X4.$proc$/home/ale/miniconda3/envs/digital/bin/../share/yosys/ecp5/cells_sim.v:213$117'.
Cleaned up 1 empty switch.

7.5.2. Executing PROC_RMDEAD pass (remove dead branches from decision trees).
Marked 1 switch rules as full_case in process $proc$/home/ale/miniconda3/envs/digital/bin/../share/yosys/ecp5/cells_sim.v:350$224 in module TRELLIS_FF.
Marked 1 switch rules as full_case in process $proc$/home/ale/miniconda3/envs/digital/bin/../share/yosys/ecp5/cells_sim.v:285$176 in module DPR16X4C.
Marked 1 switch rules as full_case in process $proc$/home/ale/miniconda3/envs/digital/bin/../share/yosys/ecp5/cells_sim.v:221$118 in module TRELLIS_DPR16X4.
Marked 1 switch rules as full_case in process $proc$internal/acc.v:11$235 in module $paramod\acc\WIDTH=s32'00000000000000000000000000001000.
Marked 1 switch rules as full_case in process $proc$internal/comp.v:5$233 in module $paramod\comp\WIDTH=s32'00000000000000000000000000000100.
Marked 1 switch rules as full_case in process $proc$internal/rsr.v:9$231 in module $paramod\rsr\WIDTH=s32'00000000000000000000000000000100.
Marked 2 switch rules as full_case in process $proc$internal/lsr.v:8$230 in module $paramod\lsr\WIDTH=s32'00000000000000000000000000000100.
Marked 4 switch rules as full_case in process $proc$internal/control_mult.v:37$227 in module control_mult.
Marked 1 switch rules as full_case in process $proc$internal/control_mult.v:26$226 in module control_mult.
Removed a total of 0 dead cases.

7.5.3. Executing PROC_PRUNE pass (remove redundant assignments in processes).
Removed 4 redundant assignments.
Promoted 49 assignments to connections.

7.5.4. Executing PROC_INIT pass (extract init attributes).
Found init rule in `\TRELLIS_FF.$proc$/home/ale/miniconda3/envs/digital/bin/../share/yosys/ecp5/cells_sim.v:0$225'.
  Set init value: \Q = 1'0
Found init rule in `$paramod\acc\WIDTH=s32'00000000000000000000000000001000.$proc$internal/acc.v:0$237'.
  Set init value: \pp = 8'00000000

7.5.5. Executing PROC_ARST pass (detect async resets in processes).

7.5.6. Executing PROC_ROM pass (convert switches to ROMs).
Converted 0 switches.

7.5.7. Executing PROC_MUX pass (convert decision trees to multiplexers).
Creating decoders for process `\TRELLIS_FF.$proc$/home/ale/miniconda3/envs/digital/bin/../share/yosys/ecp5/cells_sim.v:0$225'.
Creating decoders for process `\TRELLIS_FF.$proc$/home/ale/miniconda3/envs/digital/bin/../share/yosys/ecp5/cells_sim.v:350$224'.
     1/1: $0\Q[0:0]
Creating decoders for process `\DPR16X4C.$proc$/home/ale/miniconda3/envs/digital/bin/../share/yosys/ecp5/cells_sim.v:0$199'.
Creating decoders for process `\DPR16X4C.$proc$/home/ale/miniconda3/envs/digital/bin/../share/yosys/ecp5/cells_sim.v:285$176'.
     1/3: $1$memwr$\ram$/home/ale/miniconda3/envs/digital/bin/../share/yosys/ecp5/cells_sim.v:287$175_EN[3:0]$182
     2/3: $1$memwr$\ram$/home/ale/miniconda3/envs/digital/bin/../share/yosys/ecp5/cells_sim.v:287$175_DATA[3:0]$181
     3/3: $1$memwr$\ram$/home/ale/miniconda3/envs/digital/bin/../share/yosys/ecp5/cells_sim.v:287$175_ADDR[3:0]$180
Creating decoders for process `\TRELLIS_DPR16X4.$proc$/home/ale/miniconda3/envs/digital/bin/../share/yosys/ecp5/cells_sim.v:0$142'.
Creating decoders for process `\TRELLIS_DPR16X4.$proc$/home/ale/miniconda3/envs/digital/bin/../share/yosys/ecp5/cells_sim.v:221$118'.
     1/3: $1$memwr$\mem$/home/ale/miniconda3/envs/digital/bin/../share/yosys/ecp5/cells_sim.v:223$116_EN[3:0]$124
     2/3: $1$memwr$\mem$/home/ale/miniconda3/envs/digital/bin/../share/yosys/ecp5/cells_sim.v:223$116_DATA[3:0]$123
     3/3: $1$memwr$\mem$/home/ale/miniconda3/envs/digital/bin/../share/yosys/ecp5/cells_sim.v:223$116_ADDR[3:0]$122
Creating decoders for process `\TRELLIS_DPR16X4.$proc$/home/ale/miniconda3/envs/digital/bin/../share/yosys/ecp5/cells_sim.v:213$117'.
Creating decoders for process `$paramod\acc\WIDTH=s32'00000000000000000000000000001000.$proc$internal/acc.v:0$237'.
Creating decoders for process `$paramod\acc\WIDTH=s32'00000000000000000000000000001000.$proc$internal/acc.v:11$235'.
     1/1: $0\pp[7:0]
Creating decoders for process `$paramod\comp\WIDTH=s32'00000000000000000000000000000100.$proc$internal/comp.v:5$233'.
     1/1: $0\z[0:0]
Creating decoders for process `$paramod\rsr\WIDTH=s32'00000000000000000000000000000100.$proc$internal/rsr.v:9$231'.
     1/1: $0\s_B[3:0]
Creating decoders for process `$paramod\lsr\WIDTH=s32'00000000000000000000000000000100.$proc$internal/lsr.v:8$230'.
     1/1: $0\s_A[3:0]
Creating decoders for process `\control_mult.$proc$internal/control_mult.v:37$227'.
     1/11: $4\next_state[2:0]
     2/11: $3\next_count[2:0]
     3/11: $3\next_state[2:0]
     4/11: $2\next_state[2:0]
     5/11: $2\next_count[2:0]
     6/11: $1\next_count[2:0]
     7/11: $1\next_state[2:0]
     8/11: $1\reset[0:0]
     9/11: $1\sh[0:0]
    10/11: $1\add[0:0]
    11/11: $1\done[0:0]
Creating decoders for process `\control_mult.$proc$internal/control_mult.v:26$226'.
     1/2: $0\count[2:0]
     2/2: $0\state[2:0]

7.5.8. Executing PROC_DLATCH pass (convert process syncs to latches).
No latch inferred for signal `$paramod\comp\WIDTH=s32'00000000000000000000000000000100.\z' from process `$paramod\comp\WIDTH=s32'00000000000000000000000000000100.$proc$internal/comp.v:5$233'.
No latch inferred for signal `\control_mult.\done' from process `\control_mult.$proc$internal/control_mult.v:37$227'.
No latch inferred for signal `\control_mult.\reset' from process `\control_mult.$proc$internal/control_mult.v:37$227'.
No latch inferred for signal `\control_mult.\add' from process `\control_mult.$proc$internal/control_mult.v:37$227'.
No latch inferred for signal `\control_mult.\sh' from process `\control_mult.$proc$internal/control_mult.v:37$227'.
No latch inferred for signal `\control_mult.\next_state' from process `\control_mult.$proc$internal/control_mult.v:37$227'.
No latch inferred for signal `\control_mult.\next_count' from process `\control_mult.$proc$internal/control_mult.v:37$227'.

7.5.9. Executing PROC_DFF pass (convert process syncs to FFs).
Creating register for signal `\TRELLIS_FF.\Q' using process `\TRELLIS_FF.$proc$/home/ale/miniconda3/envs/digital/bin/../share/yosys/ecp5/cells_sim.v:350$224'.
  created $dff cell `$procdff$361' with positive edge clock.
Creating register for signal `\DPR16X4C.\i' using process `\DPR16X4C.$proc$/home/ale/miniconda3/envs/digital/bin/../share/yosys/ecp5/cells_sim.v:0$199'.
  created direct connection (no actual register cell created).
Creating register for signal `\DPR16X4C.$memwr$\ram$/home/ale/miniconda3/envs/digital/bin/../share/yosys/ecp5/cells_sim.v:281$160_EN' using process `\DPR16X4C.$proc$/home/ale/miniconda3/envs/digital/bin/../share/yosys/ecp5/cells_sim.v:0$199'.
  created direct connection (no actual register cell created).
Creating register for signal `\DPR16X4C.$memwr$\ram$/home/ale/miniconda3/envs/digital/bin/../share/yosys/ecp5/cells_sim.v:281$161_EN' using process `\DPR16X4C.$proc$/home/ale/miniconda3/envs/digital/bin/../share/yosys/ecp5/cells_sim.v:0$199'.
  created direct connection (no actual register cell created).
Creating register for signal `\DPR16X4C.$memwr$\ram$/home/ale/miniconda3/envs/digital/bin/../share/yosys/ecp5/cells_sim.v:281$162_EN' using process `\DPR16X4C.$proc$/home/ale/miniconda3/envs/digital/bin/../share/yosys/ecp5/cells_sim.v:0$199'.
  created direct connection (no actual register cell created).
Creating register for signal `\DPR16X4C.$memwr$\ram$/home/ale/miniconda3/envs/digital/bin/../share/yosys/ecp5/cells_sim.v:281$163_EN' using process `\DPR16X4C.$proc$/home/ale/miniconda3/envs/digital/bin/../share/yosys/ecp5/cells_sim.v:0$199'.
  created direct connection (no actual register cell created).
Creating register for signal `\DPR16X4C.$memwr$\ram$/home/ale/miniconda3/envs/digital/bin/../share/yosys/ecp5/cells_sim.v:281$164_EN' using process `\DPR16X4C.$proc$/home/ale/miniconda3/envs/digital/bin/../share/yosys/ecp5/cells_sim.v:0$199'.
  created direct connection (no actual register cell created).
Creating register for signal `\DPR16X4C.$memwr$\ram$/home/ale/miniconda3/envs/digital/bin/../share/yosys/ecp5/cells_sim.v:281$165_EN' using process `\DPR16X4C.$proc$/home/ale/miniconda3/envs/digital/bin/../share/yosys/ecp5/cells_sim.v:0$199'.
  created direct connection (no actual register cell created).
Creating register for signal `\DPR16X4C.$memwr$\ram$/home/ale/miniconda3/envs/digital/bin/../share/yosys/ecp5/cells_sim.v:281$166_EN' using process `\DPR16X4C.$proc$/home/ale/miniconda3/envs/digital/bin/../share/yosys/ecp5/cells_sim.v:0$199'.
  created direct connection (no actual register cell created).
Creating register for signal `\DPR16X4C.$memwr$\ram$/home/ale/miniconda3/envs/digital/bin/../share/yosys/ecp5/cells_sim.v:281$167_EN' using process `\DPR16X4C.$proc$/home/ale/miniconda3/envs/digital/bin/../share/yosys/ecp5/cells_sim.v:0$199'.
  created direct connection (no actual register cell created).
Creating register for signal `\DPR16X4C.$memwr$\ram$/home/ale/miniconda3/envs/digital/bin/../share/yosys/ecp5/cells_sim.v:281$168_EN' using process `\DPR16X4C.$proc$/home/ale/miniconda3/envs/digital/bin/../share/yosys/ecp5/cells_sim.v:0$199'.
  created direct connection (no actual register cell created).
Creating register for signal `\DPR16X4C.$memwr$\ram$/home/ale/miniconda3/envs/digital/bin/../share/yosys/ecp5/cells_sim.v:281$169_EN' using process `\DPR16X4C.$proc$/home/ale/miniconda3/envs/digital/bin/../share/yosys/ecp5/cells_sim.v:0$199'.
  created direct connection (no actual register cell created).
Creating register for signal `\DPR16X4C.$memwr$\ram$/home/ale/miniconda3/envs/digital/bin/../share/yosys/ecp5/cells_sim.v:281$170_EN' using process `\DPR16X4C.$proc$/home/ale/miniconda3/envs/digital/bin/../share/yosys/ecp5/cells_sim.v:0$199'.
  created direct connection (no actual register cell created).
Creating register for signal `\DPR16X4C.$memwr$\ram$/home/ale/miniconda3/envs/digital/bin/../share/yosys/ecp5/cells_sim.v:281$171_EN' using process `\DPR16X4C.$proc$/home/ale/miniconda3/envs/digital/bin/../share/yosys/ecp5/cells_sim.v:0$199'.
  created direct connection (no actual register cell created).
Creating register for signal `\DPR16X4C.$memwr$\ram$/home/ale/miniconda3/envs/digital/bin/../share/yosys/ecp5/cells_sim.v:281$172_EN' using process `\DPR16X4C.$proc$/home/ale/miniconda3/envs/digital/bin/../share/yosys/ecp5/cells_sim.v:0$199'.
  created direct connection (no actual register cell created).
Creating register for signal `\DPR16X4C.$memwr$\ram$/home/ale/miniconda3/envs/digital/bin/../share/yosys/ecp5/cells_sim.v:281$173_EN' using process `\DPR16X4C.$proc$/home/ale/miniconda3/envs/digital/bin/../share/yosys/ecp5/cells_sim.v:0$199'.
  created direct connection (no actual register cell created).
Creating register for signal `\DPR16X4C.$memwr$\ram$/home/ale/miniconda3/envs/digital/bin/../share/yosys/ecp5/cells_sim.v:281$174_EN' using process `\DPR16X4C.$proc$/home/ale/miniconda3/envs/digital/bin/../share/yosys/ecp5/cells_sim.v:0$199'.
  created direct connection (no actual register cell created).
Creating register for signal `\DPR16X4C.$memwr$\ram$/home/ale/miniconda3/envs/digital/bin/../share/yosys/ecp5/cells_sim.v:287$175_ADDR' using process `\DPR16X4C.$proc$/home/ale/miniconda3/envs/digital/bin/../share/yosys/ecp5/cells_sim.v:285$176'.
  created $dff cell `$procdff$362' with positive edge clock.
Creating register for signal `\DPR16X4C.$memwr$\ram$/home/ale/miniconda3/envs/digital/bin/../share/yosys/ecp5/cells_sim.v:287$175_DATA' using process `\DPR16X4C.$proc$/home/ale/miniconda3/envs/digital/bin/../share/yosys/ecp5/cells_sim.v:285$176'.
  created $dff cell `$procdff$363' with positive edge clock.
Creating register for signal `\DPR16X4C.$memwr$\ram$/home/ale/miniconda3/envs/digital/bin/../share/yosys/ecp5/cells_sim.v:287$175_EN' using process `\DPR16X4C.$proc$/home/ale/miniconda3/envs/digital/bin/../share/yosys/ecp5/cells_sim.v:285$176'.
  created $dff cell `$procdff$364' with positive edge clock.
Creating register for signal `\TRELLIS_DPR16X4.\i' using process `\TRELLIS_DPR16X4.$proc$/home/ale/miniconda3/envs/digital/bin/../share/yosys/ecp5/cells_sim.v:0$142'.
  created direct connection (no actual register cell created).
Creating register for signal `\TRELLIS_DPR16X4.$memwr$\mem$/home/ale/miniconda3/envs/digital/bin/../share/yosys/ecp5/cells_sim.v:207$100_EN' using process `\TRELLIS_DPR16X4.$proc$/home/ale/miniconda3/envs/digital/bin/../share/yosys/ecp5/cells_sim.v:0$142'.
  created direct connection (no actual register cell created).
Creating register for signal `\TRELLIS_DPR16X4.$memwr$\mem$/home/ale/miniconda3/envs/digital/bin/../share/yosys/ecp5/cells_sim.v:207$101_EN' using process `\TRELLIS_DPR16X4.$proc$/home/ale/miniconda3/envs/digital/bin/../share/yosys/ecp5/cells_sim.v:0$142'.
  created direct connection (no actual register cell created).
Creating register for signal `\TRELLIS_DPR16X4.$memwr$\mem$/home/ale/miniconda3/envs/digital/bin/../share/yosys/ecp5/cells_sim.v:207$102_EN' using process `\TRELLIS_DPR16X4.$proc$/home/ale/miniconda3/envs/digital/bin/../share/yosys/ecp5/cells_sim.v:0$142'.
  created direct connection (no actual register cell created).
Creating register for signal `\TRELLIS_DPR16X4.$memwr$\mem$/home/ale/miniconda3/envs/digital/bin/../share/yosys/ecp5/cells_sim.v:207$103_EN' using process `\TRELLIS_DPR16X4.$proc$/home/ale/miniconda3/envs/digital/bin/../share/yosys/ecp5/cells_sim.v:0$142'.
  created direct connection (no actual register cell created).
Creating register for signal `\TRELLIS_DPR16X4.$memwr$\mem$/home/ale/miniconda3/envs/digital/bin/../share/yosys/ecp5/cells_sim.v:207$104_EN' using process `\TRELLIS_DPR16X4.$proc$/home/ale/miniconda3/envs/digital/bin/../share/yosys/ecp5/cells_sim.v:0$142'.
  created direct connection (no actual register cell created).
Creating register for signal `\TRELLIS_DPR16X4.$memwr$\mem$/home/ale/miniconda3/envs/digital/bin/../share/yosys/ecp5/cells_sim.v:207$105_EN' using process `\TRELLIS_DPR16X4.$proc$/home/ale/miniconda3/envs/digital/bin/../share/yosys/ecp5/cells_sim.v:0$142'.
  created direct connection (no actual register cell created).
Creating register for signal `\TRELLIS_DPR16X4.$memwr$\mem$/home/ale/miniconda3/envs/digital/bin/../share/yosys/ecp5/cells_sim.v:207$106_EN' using process `\TRELLIS_DPR16X4.$proc$/home/ale/miniconda3/envs/digital/bin/../share/yosys/ecp5/cells_sim.v:0$142'.
  created direct connection (no actual register cell created).
Creating register for signal `\TRELLIS_DPR16X4.$memwr$\mem$/home/ale/miniconda3/envs/digital/bin/../share/yosys/ecp5/cells_sim.v:207$107_EN' using process `\TRELLIS_DPR16X4.$proc$/home/ale/miniconda3/envs/digital/bin/../share/yosys/ecp5/cells_sim.v:0$142'.
  created direct connection (no actual register cell created).
Creating register for signal `\TRELLIS_DPR16X4.$memwr$\mem$/home/ale/miniconda3/envs/digital/bin/../share/yosys/ecp5/cells_sim.v:207$108_EN' using process `\TRELLIS_DPR16X4.$proc$/home/ale/miniconda3/envs/digital/bin/../share/yosys/ecp5/cells_sim.v:0$142'.
  created direct connection (no actual register cell created).
Creating register for signal `\TRELLIS_DPR16X4.$memwr$\mem$/home/ale/miniconda3/envs/digital/bin/../share/yosys/ecp5/cells_sim.v:207$109_EN' using process `\TRELLIS_DPR16X4.$proc$/home/ale/miniconda3/envs/digital/bin/../share/yosys/ecp5/cells_sim.v:0$142'.
  created direct connection (no actual register cell created).
Creating register for signal `\TRELLIS_DPR16X4.$memwr$\mem$/home/ale/miniconda3/envs/digital/bin/../share/yosys/ecp5/cells_sim.v:207$110_EN' using process `\TRELLIS_DPR16X4.$proc$/home/ale/miniconda3/envs/digital/bin/../share/yosys/ecp5/cells_sim.v:0$142'.
  created direct connection (no actual register cell created).
Creating register for signal `\TRELLIS_DPR16X4.$memwr$\mem$/home/ale/miniconda3/envs/digital/bin/../share/yosys/ecp5/cells_sim.v:207$111_EN' using process `\TRELLIS_DPR16X4.$proc$/home/ale/miniconda3/envs/digital/bin/../share/yosys/ecp5/cells_sim.v:0$142'.
  created direct connection (no actual register cell created).
Creating register for signal `\TRELLIS_DPR16X4.$memwr$\mem$/home/ale/miniconda3/envs/digital/bin/../share/yosys/ecp5/cells_sim.v:207$112_EN' using process `\TRELLIS_DPR16X4.$proc$/home/ale/miniconda3/envs/digital/bin/../share/yosys/ecp5/cells_sim.v:0$142'.
  created direct connection (no actual register cell created).
Creating register for signal `\TRELLIS_DPR16X4.$memwr$\mem$/home/ale/miniconda3/envs/digital/bin/../share/yosys/ecp5/cells_sim.v:207$113_EN' using process `\TRELLIS_DPR16X4.$proc$/home/ale/miniconda3/envs/digital/bin/../share/yosys/ecp5/cells_sim.v:0$142'.
  created direct connection (no actual register cell created).
Creating register for signal `\TRELLIS_DPR16X4.$memwr$\mem$/home/ale/miniconda3/envs/digital/bin/../share/yosys/ecp5/cells_sim.v:207$114_EN' using process `\TRELLIS_DPR16X4.$proc$/home/ale/miniconda3/envs/digital/bin/../share/yosys/ecp5/cells_sim.v:0$142'.
  created direct connection (no actual register cell created).
Creating register for signal `\TRELLIS_DPR16X4.$memwr$\mem$/home/ale/miniconda3/envs/digital/bin/../share/yosys/ecp5/cells_sim.v:207$115_EN' using process `\TRELLIS_DPR16X4.$proc$/home/ale/miniconda3/envs/digital/bin/../share/yosys/ecp5/cells_sim.v:0$142'.
  created direct connection (no actual register cell created).
Creating register for signal `\TRELLIS_DPR16X4.$memwr$\mem$/home/ale/miniconda3/envs/digital/bin/../share/yosys/ecp5/cells_sim.v:223$116_ADDR' using process `\TRELLIS_DPR16X4.$proc$/home/ale/miniconda3/envs/digital/bin/../share/yosys/ecp5/cells_sim.v:221$118'.
  created $dff cell `$procdff$365' with positive edge clock.
Creating register for signal `\TRELLIS_DPR16X4.$memwr$\mem$/home/ale/miniconda3/envs/digital/bin/../share/yosys/ecp5/cells_sim.v:223$116_DATA' using process `\TRELLIS_DPR16X4.$proc$/home/ale/miniconda3/envs/digital/bin/../share/yosys/ecp5/cells_sim.v:221$118'.
  created $dff cell `$procdff$366' with positive edge clock.
Creating register for signal `\TRELLIS_DPR16X4.$memwr$\mem$/home/ale/miniconda3/envs/digital/bin/../share/yosys/ecp5/cells_sim.v:223$116_EN' using process `\TRELLIS_DPR16X4.$proc$/home/ale/miniconda3/envs/digital/bin/../share/yosys/ecp5/cells_sim.v:221$118'.
  created $dff cell `$procdff$367' with positive edge clock.
Creating register for signal `\TRELLIS_DPR16X4.\muxwre' using process `\TRELLIS_DPR16X4.$proc$/home/ale/miniconda3/envs/digital/bin/../share/yosys/ecp5/cells_sim.v:213$117'.
  created direct connection (no actual register cell created).
Creating register for signal `$paramod\acc\WIDTH=s32'00000000000000000000000000001000.\pp' using process `$paramod\acc\WIDTH=s32'00000000000000000000000000001000.$proc$internal/acc.v:11$235'.
  created $dff cell `$procdff$368' with positive edge clock.
Creating register for signal `$paramod\rsr\WIDTH=s32'00000000000000000000000000000100.\s_B' using process `$paramod\rsr\WIDTH=s32'00000000000000000000000000000100.$proc$internal/rsr.v:9$231'.
  created $dff cell `$procdff$369' with positive edge clock.
Creating register for signal `$paramod\lsr\WIDTH=s32'00000000000000000000000000000100.\s_A' using process `$paramod\lsr\WIDTH=s32'00000000000000000000000000000100.$proc$internal/lsr.v:8$230'.
  created $dff cell `$procdff$370' with positive edge clock.
Creating register for signal `\control_mult.\state' using process `\control_mult.$proc$internal/control_mult.v:26$226'.
  created $dff cell `$procdff$371' with positive edge clock.
Creating register for signal `\control_mult.\count' using process `\control_mult.$proc$internal/control_mult.v:26$226'.
  created $dff cell `$procdff$372' with positive edge clock.

7.5.10. Executing PROC_MEMWR pass (convert process memory writes to cells).

7.5.11. Executing PROC_CLEAN pass (remove empty switches from decision trees).
Removing empty process `TRELLIS_FF.$proc$/home/ale/miniconda3/envs/digital/bin/../share/yosys/ecp5/cells_sim.v:0$225'.
Found and cleaned up 2 empty switches in `\TRELLIS_FF.$proc$/home/ale/miniconda3/envs/digital/bin/../share/yosys/ecp5/cells_sim.v:350$224'.
Removing empty process `TRELLIS_FF.$proc$/home/ale/miniconda3/envs/digital/bin/../share/yosys/ecp5/cells_sim.v:350$224'.
Removing empty process `DPR16X4C.$proc$/home/ale/miniconda3/envs/digital/bin/../share/yosys/ecp5/cells_sim.v:0$199'.
Found and cleaned up 1 empty switch in `\DPR16X4C.$proc$/home/ale/miniconda3/envs/digital/bin/../share/yosys/ecp5/cells_sim.v:285$176'.
Removing empty process `TRELLIS_DPR16X4.$proc$/home/ale/miniconda3/envs/digital/bin/../share/yosys/ecp5/cells_sim.v:0$142'.
Found and cleaned up 1 empty switch in `\TRELLIS_DPR16X4.$proc$/home/ale/miniconda3/envs/digital/bin/../share/yosys/ecp5/cells_sim.v:221$118'.
Removing empty process `TRELLIS_DPR16X4.$proc$/home/ale/miniconda3/envs/digital/bin/../share/yosys/ecp5/cells_sim.v:213$117'.
Removing empty process `$paramod\acc\WIDTH=s32'00000000000000000000000000001000.$proc$internal/acc.v:0$237'.
Found and cleaned up 2 empty switches in `$paramod\acc\WIDTH=s32'00000000000000000000000000001000.$proc$internal/acc.v:11$235'.
Removing empty process `$paramod\acc\WIDTH=s32'00000000000000000000000000001000.$proc$internal/acc.v:11$235'.
Found and cleaned up 1 empty switch in `$paramod\comp\WIDTH=s32'00000000000000000000000000000100.$proc$internal/comp.v:5$233'.
Removing empty process `$paramod\comp\WIDTH=s32'00000000000000000000000000000100.$proc$internal/comp.v:5$233'.
Found and cleaned up 2 empty switches in `$paramod\rsr\WIDTH=s32'00000000000000000000000000000100.$proc$internal/rsr.v:9$231'.
Removing empty process `$paramod\rsr\WIDTH=s32'00000000000000000000000000000100.$proc$internal/rsr.v:9$231'.
Found and cleaned up 2 empty switches in `$paramod\lsr\WIDTH=s32'00000000000000000000000000000100.$proc$internal/lsr.v:8$230'.
Removing empty process `$paramod\lsr\WIDTH=s32'00000000000000000000000000000100.$proc$internal/lsr.v:8$230'.
Found and cleaned up 4 empty switches in `\control_mult.$proc$internal/control_mult.v:37$227'.
Removing empty process `control_mult.$proc$internal/control_mult.v:37$227'.
Found and cleaned up 1 empty switch in `\control_mult.$proc$internal/control_mult.v:26$226'.
Removing empty process `control_mult.$proc$internal/control_mult.v:26$226'.
Cleaned up 16 empty switches.

7.5.12. Executing OPT_EXPR pass (perform const folding).
Optimizing module $paramod\acc\WIDTH=s32'00000000000000000000000000001000.
Optimizing module $paramod\comp\WIDTH=s32'00000000000000000000000000000100.
Optimizing module $paramod\rsr\WIDTH=s32'00000000000000000000000000000100.
Optimizing module $paramod\lsr\WIDTH=s32'00000000000000000000000000000100.
Optimizing module control_mult.
Optimizing module top.

7.6. Executing FLATTEN pass (flatten design).
Deleting now unused module $paramod\acc\WIDTH=s32'00000000000000000000000000001000.
Deleting now unused module $paramod\comp\WIDTH=s32'00000000000000000000000000000100.
Deleting now unused module $paramod\rsr\WIDTH=s32'00000000000000000000000000000100.
Deleting now unused module $paramod\lsr\WIDTH=s32'00000000000000000000000000000100.
Deleting now unused module control_mult.

7.7. Executing TRIBUF pass.

7.8. Executing DEMINOUT pass (demote inout ports to input or output).

7.9. Executing OPT_EXPR pass (perform const folding).
Optimizing module top.

7.10. Executing OPT_CLEAN pass (remove unused cells and wires).
Finding unused cells or wires in module \top..
Removed 2 unused cells and 50 unused wires.

7.11. Executing CHECK pass (checking for obvious problems).
Checking module top...
Found and reported 0 problems.

7.12. Executing OPT pass (performing simple optimizations).

7.12.1. Executing OPT_EXPR pass (perform const folding).
Optimizing module top.

7.12.2. Executing OPT_MERGE pass (detect identical cells).
Finding identical cells in module `\top'.
Removed a total of 16 cells.

7.12.3. Executing OPT_MUXTREE pass (detect dead branches in mux trees).
Running muxtree optimizer on module \top..
  Creating internal representation of mux trees.
  Evaluating internal representation of mux trees.
  Analyzing evaluation results.
    dead port 2/2 on $mux $flatten\cm_instance.$procmux$311.
    dead port 2/2 on $mux $flatten\cm_instance.$procmux$321.
    dead port 2/2 on $mux $flatten\cm_instance.$procmux$285.
    dead port 2/2 on $mux $flatten\cm_instance.$procmux$292.
    dead port 2/2 on $mux $flatten\cm_instance.$procmux$301.
Removed 5 multiplexer ports.

7.12.4. Executing OPT_REDUCE pass (consolidate $*mux and $reduce_* inputs).
  Optimizing cells in module \top.
    New ctrl vector for $pmux cell $flatten\cm_instance.$procmux$324: { $flatten\cm_instance.$procmux$312_CMP $flatten\cm_instance.$procmux$286_CMP $auto$opt_reduce.cc:134:opt_pmux$374 }
    New ctrl vector for $pmux cell $flatten\cm_instance.$procmux$338: $auto$opt_reduce.cc:134:opt_pmux$376
  Optimizing cells in module \top.
Performed a total of 2 changes.

7.12.5. Executing OPT_MERGE pass (detect identical cells).
Finding identical cells in module `\top'.
Removed a total of 0 cells.

7.12.6. Executing OPT_DFF pass (perform DFF optimizations).

7.12.7. Executing OPT_CLEAN pass (remove unused cells and wires).
Finding unused cells or wires in module \top..
Removed 0 unused cells and 21 unused wires.

7.12.8. Executing OPT_EXPR pass (perform const folding).
Optimizing module top.

7.12.9. Rerunning OPT passes. (Maybe there is more to do..)

7.12.10. Executing OPT_MUXTREE pass (detect dead branches in mux trees).
Running muxtree optimizer on module \top..
  Creating internal representation of mux trees.
  Evaluating internal representation of mux trees.
  Analyzing evaluation results.
    dead port 1/2 on $mux $flatten\cm_instance.$procmux$338.
    dead port 2/2 on $mux $flatten\cm_instance.$procmux$338.
Removed 2 multiplexer ports.

7.12.11. Executing OPT_REDUCE pass (consolidate $*mux and $reduce_* inputs).
  Optimizing cells in module \top.
Performed a total of 0 changes.

7.12.12. Executing OPT_MERGE pass (detect identical cells).
Finding identical cells in module `\top'.
Removed a total of 0 cells.

7.12.13. Executing OPT_DFF pass (perform DFF optimizations).

7.12.14. Executing OPT_CLEAN pass (remove unused cells and wires).
Finding unused cells or wires in module \top..
Removed 0 unused cells and 5 unused wires.

7.12.15. Executing OPT_EXPR pass (perform const folding).
Optimizing module top.

7.12.16. Rerunning OPT passes. (Maybe there is more to do..)

7.12.17. Executing OPT_MUXTREE pass (detect dead branches in mux trees).
Running muxtree optimizer on module \top..
  Creating internal representation of mux trees.
  Evaluating internal representation of mux trees.
  Analyzing evaluation results.
Removed 0 multiplexer ports.

7.12.18. Executing OPT_REDUCE pass (consolidate $*mux and $reduce_* inputs).
  Optimizing cells in module \top.
Performed a total of 0 changes.

7.12.19. Executing OPT_MERGE pass (detect identical cells).
Finding identical cells in module `\top'.
Removed a total of 0 cells.

7.12.20. Executing OPT_DFF pass (perform DFF optimizations).

7.12.21. Executing OPT_CLEAN pass (remove unused cells and wires).
Finding unused cells or wires in module \top..

7.12.22. Executing OPT_EXPR pass (perform const folding).
Optimizing module top.

7.12.23. Finished OPT passes. (There is nothing left to do.)

7.13. Executing FSM pass (extract and optimize FSM).

7.13.1. Executing FSM_DETECT pass (finding FSMs in design).
Found FSM state register top.cm_instance.state.

7.13.2. Executing FSM_EXTRACT pass (extracting FSM from design).
Extracting FSM `\cm_instance.state' from module `\top'.
  found $dff cell for state register: $flatten\cm_instance.$procdff$371
  root of input selection tree: $flatten\cm_instance.$0\state[2:0]
  found reset state: 3'000 (guessed from mux tree)
  found ctrl input: \rst
  found ctrl input: $flatten\cm_instance.$procmux$286_CMP
  found ctrl input: $flatten\cm_instance.$procmux$327_CMP
  found ctrl input: $flatten\cm_instance.$procmux$302_CMP
  found ctrl input: $flatten\cm_instance.$procmux$312_CMP
  found state code: 3'000
  found ctrl input: $flatten\cm_instance.$eq$internal/control_mult.v:70$228_Y
  found state code: 3'001
  found state code: 3'100
  found state code: 3'010
  found ctrl input: \rsr_instance.s_B [0]
  found state code: 3'011
  found ctrl input: \init
  found ctrl output: $flatten\cm_instance.$procmux$327_CMP
  found ctrl output: $flatten\cm_instance.$procmux$325_CMP
  found ctrl output: $flatten\cm_instance.$procmux$312_CMP
  found ctrl output: $flatten\cm_instance.$procmux$302_CMP
  found ctrl output: $flatten\cm_instance.$procmux$286_CMP
  ctrl inputs: { $flatten\cm_instance.$eq$internal/control_mult.v:70$228_Y \rsr_instance.s_B [0] \rst \init }
  ctrl outputs: { $flatten\cm_instance.$0\state[2:0] $flatten\cm_instance.$procmux$286_CMP $flatten\cm_instance.$procmux$302_CMP $flatten\cm_instance.$procmux$312_CMP $flatten\cm_instance.$procmux$325_CMP $flatten\cm_instance.$procmux$327_CMP }
  transition:      3'000 4'--00 ->      3'000 8'00000100
  transition:      3'000 4'--01 ->      3'001 8'00100100
  transition:      3'000 4'--1- ->      3'000 8'00000100
  transition:      3'100 4'--0- ->      3'000 8'00000010
  transition:      3'100 4'--1- ->      3'000 8'00000010
  transition:      3'010 4'0-0- ->      3'001 8'00110000
  transition:      3'010 4'1-0- ->      3'100 8'10010000
  transition:      3'010 4'--1- ->      3'000 8'00010000
  transition:      3'001 4'-00- ->      3'010 8'01001000
  transition:      3'001 4'-10- ->      3'011 8'01101000
  transition:      3'001 4'--1- ->      3'000 8'00001000
  transition:      3'011 4'--0- ->      3'010 8'01000001
  transition:      3'011 4'--1- ->      3'000 8'00000001

7.13.3. Executing FSM_OPT pass (simple optimizations of FSMs).
Optimizing FSM `$fsm$\cm_instance.state$377' from module `\top'.
  Merging pattern 4'--0- and 4'--1- from group (1 0 8'00000010).
  Merging pattern 4'--1- and 4'--0- from group (1 0 8'00000010).

7.13.4. Executing OPT_CLEAN pass (remove unused cells and wires).
Finding unused cells or wires in module \top..
Removed 11 unused cells and 11 unused wires.

7.13.5. Executing FSM_OPT pass (simple optimizations of FSMs).
Optimizing FSM `$fsm$\cm_instance.state$377' from module `\top'.
  Removing unused output signal $flatten\cm_instance.$0\state[2:0] [0].
  Removing unused output signal $flatten\cm_instance.$0\state[2:0] [1].
  Removing unused output signal $flatten\cm_instance.$0\state[2:0] [2].

7.13.6. Executing FSM_RECODE pass (re-assigning FSM state encoding).
Recoding FSM `$fsm$\cm_instance.state$377' from module `\top' using `auto' encoding:
  mapping auto encoding to `one-hot` for this FSM.
  000 -> ----1
  100 -> ---1-
  010 -> --1--
  001 -> -1---
  011 -> 1----

7.13.7. Executing FSM_INFO pass (dumping all available information on FSM cells).

FSM `$fsm$\cm_instance.state$377' from module `top':
-------------------------------------

  Information on FSM $fsm$\cm_instance.state$377 (\cm_instance.state):

  Number of input signals:    4
  Number of output signals:   5
  Number of state bits:       5

  Input signals:
    0: \init
    1: \rst
    2: \rsr_instance.s_B [0]
    3: $flatten\cm_instance.$eq$internal/control_mult.v:70$228_Y

  Output signals:
    0: $flatten\cm_instance.$procmux$327_CMP
    1: $flatten\cm_instance.$procmux$325_CMP
    2: $flatten\cm_instance.$procmux$312_CMP
    3: $flatten\cm_instance.$procmux$302_CMP
    4: $flatten\cm_instance.$procmux$286_CMP

  State encoding:
    0:    5'----1  <RESET STATE>
    1:    5'---1-
    2:    5'--1--
    3:    5'-1---
    4:    5'1----

  Transition Table (state_in, ctrl_in, state_out, ctrl_out):
      0:     0 4'--00   ->     0 5'00100
      1:     0 4'--1-   ->     0 5'00100
      2:     0 4'--01   ->     3 5'00100
      3:     1 4'----   ->     0 5'00010
      4:     2 4'--1-   ->     0 5'10000
      5:     2 4'1-0-   ->     1 5'10000
      6:     2 4'0-0-   ->     3 5'10000
      7:     3 4'--1-   ->     0 5'01000
      8:     3 4'-00-   ->     2 5'01000
      9:     3 4'-10-   ->     4 5'01000
     10:     4 4'--1-   ->     0 5'00001
     11:     4 4'--0-   ->     2 5'00001

-------------------------------------

7.13.8. Executing FSM_MAP pass (mapping FSMs to basic logic).
Mapping FSM `$fsm$\cm_instance.state$377' from module `\top'.

7.14. Executing OPT pass (performing simple optimizations).

7.14.1. Executing OPT_EXPR pass (perform const folding).
Optimizing module top.

7.14.2. Executing OPT_MERGE pass (detect identical cells).
Finding identical cells in module `\top'.
Removed a total of 0 cells.

7.14.3. Executing OPT_MUXTREE pass (detect dead branches in mux trees).
Running muxtree optimizer on module \top..
  Creating internal representation of mux trees.
  Evaluating internal representation of mux trees.
  Analyzing evaluation results.
Removed 0 multiplexer ports.

7.14.4. Executing OPT_REDUCE pass (consolidate $*mux and $reduce_* inputs).
  Optimizing cells in module \top.
Performed a total of 0 changes.

7.14.5. Executing OPT_MERGE pass (detect identical cells).
Finding identical cells in module `\top'.
Removed a total of 0 cells.

7.14.6. Executing OPT_DFF pass (perform DFF optimizations).
Adding EN signal on $flatten\rsr_instance.$procdff$369 ($dff) from module top (D = $flatten\rsr_instance.$0\s_B[3:0], Q = \rsr_instance.s_B).
Adding EN signal on $flatten\lsr_instance.$procdff$370 ($dff) from module top (D = $flatten\lsr_instance.$0\s_A[3:0], Q = \lsr_instance.s_A).
Adding SRST signal on $flatten\cm_instance.$procdff$372 ($dff) from module top (D = \cm_instance.next_count, Q = \cm_instance.count, rval = 3'000).
Adding EN signal on $auto$ff.cc:266:slice$427 ($sdff) from module top (D = \cm_instance.next_count, Q = \cm_instance.count).
Adding SRST signal on $flatten\acc_instance.$procdff$368 ($dff) from module top (D = $flatten\acc_instance.$procmux$261_Y, Q = \acc_instance.pp, rval = 8'00000000).
Adding EN signal on $auto$ff.cc:266:slice$435 ($sdff) from module top (D = $flatten\acc_instance.$add$internal/acc.v:15$236_Y, Q = \acc_instance.pp).

7.14.7. Executing OPT_CLEAN pass (remove unused cells and wires).
Finding unused cells or wires in module \top..
Removed 3 unused cells and 12 unused wires.

7.14.8. Executing OPT_EXPR pass (perform const folding).
Optimizing module top.

7.14.9. Rerunning OPT passes. (Maybe there is more to do..)

7.14.10. Executing OPT_MUXTREE pass (detect dead branches in mux trees).
Running muxtree optimizer on module \top..
  Creating internal representation of mux trees.
  Evaluating internal representation of mux trees.
  Analyzing evaluation results.
Removed 0 multiplexer ports.

7.14.11. Executing OPT_REDUCE pass (consolidate $*mux and $reduce_* inputs).
  Optimizing cells in module \top.
Performed a total of 0 changes.

7.14.12. Executing OPT_MERGE pass (detect identical cells).
Finding identical cells in module `\top'.
Removed a total of 1 cells.

7.14.13. Executing OPT_DFF pass (perform DFF optimizations).

7.14.14. Executing OPT_CLEAN pass (remove unused cells and wires).
Finding unused cells or wires in module \top..
Removed 0 unused cells and 1 unused wires.

7.14.15. Executing OPT_EXPR pass (perform const folding).
Optimizing module top.

7.14.16. Rerunning OPT passes. (Maybe there is more to do..)

7.14.17. Executing OPT_MUXTREE pass (detect dead branches in mux trees).
Running muxtree optimizer on module \top..
  Creating internal representation of mux trees.
  Evaluating internal representation of mux trees.
  Analyzing evaluation results.
Removed 0 multiplexer ports.

7.14.18. Executing OPT_REDUCE pass (consolidate $*mux and $reduce_* inputs).
  Optimizing cells in module \top.
Performed a total of 0 changes.

7.14.19. Executing OPT_MERGE pass (detect identical cells).
Finding identical cells in module `\top'.
Removed a total of 0 cells.

7.14.20. Executing OPT_DFF pass (perform DFF optimizations).

7.14.21. Executing OPT_CLEAN pass (remove unused cells and wires).
Finding unused cells or wires in module \top..

7.14.22. Executing OPT_EXPR pass (perform const folding).
Optimizing module top.

7.14.23. Finished OPT passes. (There is nothing left to do.)

7.15. Executing WREDUCE pass (reducing word size of cells).
Removed top 4 bits (of 8) from port B of cell top.$flatten\acc_instance.$add$internal/acc.v:15$236 ($add).
Removed top 1 bits (of 2) from port B of cell top.$auto$fsm_map.cc:77:implement_pattern_cache$409 ($eq).
Removed top 31 bits (of 32) from port B of cell top.$flatten\cm_instance.$sub$internal/control_mult.v:74$229 ($sub).
Removed top 29 bits (of 32) from port Y of cell top.$flatten\cm_instance.$sub$internal/control_mult.v:74$229 ($sub).
Removed top 2 bits (of 3) from port B of cell top.$flatten\cm_instance.$eq$internal/control_mult.v:70$228 ($eq).
Removed top 29 bits (of 32) from wire top.$flatten\cm_instance.$sub$internal/control_mult.v:74$229_Y.

7.16. Executing PEEPOPT pass (run peephole optimizers).

7.17. Executing OPT_CLEAN pass (remove unused cells and wires).
Finding unused cells or wires in module \top..
Removed 0 unused cells and 1 unused wires.

7.18. Executing SHARE pass (SAT-based resource sharing).

7.19. Executing TECHMAP pass (map to technology primitives).

7.19.1. Executing Verilog-2005 frontend: /home/ale/miniconda3/envs/digital/bin/../share/yosys/cmp2lut.v
Parsing Verilog input from `/home/ale/miniconda3/envs/digital/bin/../share/yosys/cmp2lut.v' to AST representation.
Generating RTLIL representation for module `\_90_lut_cmp_'.
Successfully finished Verilog frontend.

7.19.2. Continuing TECHMAP pass.
No more expansions possible.

7.20. Executing OPT_EXPR pass (perform const folding).
Optimizing module top.

7.21. Executing OPT_CLEAN pass (remove unused cells and wires).
Finding unused cells or wires in module \top..

7.22. Executing TECHMAP pass (map to technology primitives).

7.22.1. Executing Verilog-2005 frontend: /home/ale/miniconda3/envs/digital/bin/../share/yosys/mul2dsp.v
Parsing Verilog input from `/home/ale/miniconda3/envs/digital/bin/../share/yosys/mul2dsp.v' to AST representation.
Generating RTLIL representation for module `\_80_mul'.
Generating RTLIL representation for module `\_90_soft_mul'.
Successfully finished Verilog frontend.

7.22.2. Executing Verilog-2005 frontend: /home/ale/miniconda3/envs/digital/bin/../share/yosys/ecp5/dsp_map.v
Parsing Verilog input from `/home/ale/miniconda3/envs/digital/bin/../share/yosys/ecp5/dsp_map.v' to AST representation.
Generating RTLIL representation for module `\$__MUL18X18'.
Successfully finished Verilog frontend.

7.22.3. Continuing TECHMAP pass.
No more expansions possible.

7.23. Executing ALUMACC pass (create $alu and $macc cells).
Extracting $alu and $macc cells in module top:
  creating $macc model for $flatten\acc_instance.$add$internal/acc.v:15$236 ($add).
  creating $macc model for $flatten\cm_instance.$sub$internal/control_mult.v:74$229 ($sub).
  creating $alu model for $macc $flatten\cm_instance.$sub$internal/control_mult.v:74$229.
  creating $alu model for $macc $flatten\acc_instance.$add$internal/acc.v:15$236.
  creating $alu cell for $flatten\acc_instance.$add$internal/acc.v:15$236: $auto$alumacc.cc:485:replace_alu$439
  creating $alu cell for $flatten\cm_instance.$sub$internal/control_mult.v:74$229: $auto$alumacc.cc:485:replace_alu$442
  created 2 $alu and 0 $macc cells.

7.24. Executing OPT pass (performing simple optimizations).

7.24.1. Executing OPT_EXPR pass (perform const folding).
Optimizing module top.

7.24.2. Executing OPT_MERGE pass (detect identical cells).
Finding identical cells in module `\top'.
Removed a total of 0 cells.

7.24.3. Executing OPT_MUXTREE pass (detect dead branches in mux trees).
Running muxtree optimizer on module \top..
  Creating internal representation of mux trees.
  Evaluating internal representation of mux trees.
  Analyzing evaluation results.
Removed 0 multiplexer ports.

7.24.4. Executing OPT_REDUCE pass (consolidate $*mux and $reduce_* inputs).
  Optimizing cells in module \top.
Performed a total of 0 changes.

7.24.5. Executing OPT_MERGE pass (detect identical cells).
Finding identical cells in module `\top'.
Removed a total of 0 cells.

7.24.6. Executing OPT_DFF pass (perform DFF optimizations).

7.24.7. Executing OPT_CLEAN pass (remove unused cells and wires).
Finding unused cells or wires in module \top..

7.24.8. Executing OPT_EXPR pass (perform const folding).
Optimizing module top.

7.24.9. Finished OPT passes. (There is nothing left to do.)

7.25. Executing MEMORY pass.

7.25.1. Executing OPT_MEM pass (optimize memories).
Performed a total of 0 transformations.

7.25.2. Executing OPT_MEM_PRIORITY pass (removing unnecessary memory write priority relations).
Performed a total of 0 transformations.

7.25.3. Executing OPT_MEM_FEEDBACK pass (finding memory read-to-write feedback paths).

7.25.4. Executing MEMORY_BMUX2ROM pass (converting muxes to ROMs).

7.25.5. Executing MEMORY_DFF pass (merging $dff cells to $memrd).

7.25.6. Executing OPT_CLEAN pass (remove unused cells and wires).
Finding unused cells or wires in module \top..

7.25.7. Executing MEMORY_SHARE pass (consolidating $memrd/$memwr cells).

7.25.8. Executing OPT_MEM_WIDEN pass (optimize memories where all ports are wide).
Performed a total of 0 transformations.

7.25.9. Executing OPT_CLEAN pass (remove unused cells and wires).
Finding unused cells or wires in module \top..

7.25.10. Executing MEMORY_COLLECT pass (generating $mem cells).

7.26. Executing OPT_CLEAN pass (remove unused cells and wires).
Finding unused cells or wires in module \top..

7.27. Executing MEMORY_LIBMAP pass (mapping memories to cells).

7.28. Executing TECHMAP pass (map to technology primitives).

7.28.1. Executing Verilog-2005 frontend: /home/ale/miniconda3/envs/digital/bin/../share/yosys/ecp5/lutrams_map.v
Parsing Verilog input from `/home/ale/miniconda3/envs/digital/bin/../share/yosys/ecp5/lutrams_map.v' to AST representation.
Generating RTLIL representation for module `\$__TRELLIS_DPR16X4_'.
Successfully finished Verilog frontend.

7.28.2. Executing Verilog-2005 frontend: /home/ale/miniconda3/envs/digital/bin/../share/yosys/ecp5/brams_map.v
Parsing Verilog input from `/home/ale/miniconda3/envs/digital/bin/../share/yosys/ecp5/brams_map.v' to AST representation.
Generating RTLIL representation for module `\$__ECP5_DP16KD_'.
Generating RTLIL representation for module `\$__ECP5_PDPW16KD_'.
Successfully finished Verilog frontend.

7.28.3. Continuing TECHMAP pass.
No more expansions possible.

7.29. Executing OPT pass (performing simple optimizations).

7.29.1. Executing OPT_EXPR pass (perform const folding).
Optimizing module top.

7.29.2. Executing OPT_MERGE pass (detect identical cells).
Finding identical cells in module `\top'.
Removed a total of 0 cells.

7.29.3. Executing OPT_DFF pass (perform DFF optimizations).

7.29.4. Executing OPT_CLEAN pass (remove unused cells and wires).
Finding unused cells or wires in module \top..
Removed 0 unused cells and 3 unused wires.

7.29.5. Finished fast OPT passes.

7.30. Executing MEMORY_MAP pass (converting memories to logic and flip-flops).

7.31. Executing OPT pass (performing simple optimizations).

7.31.1. Executing OPT_EXPR pass (perform const folding).
Optimizing module top.

7.31.2. Executing OPT_MERGE pass (detect identical cells).
Finding identical cells in module `\top'.
Removed a total of 0 cells.

7.31.3. Executing OPT_MUXTREE pass (detect dead branches in mux trees).
Running muxtree optimizer on module \top..
  Creating internal representation of mux trees.
  Evaluating internal representation of mux trees.
  Analyzing evaluation results.
Removed 0 multiplexer ports.

7.31.4. Executing OPT_REDUCE pass (consolidate $*mux and $reduce_* inputs).
  Optimizing cells in module \top.
Performed a total of 0 changes.

7.31.5. Executing OPT_MERGE pass (detect identical cells).
Finding identical cells in module `\top'.
Removed a total of 0 cells.

7.31.6. Executing OPT_DFF pass (perform DFF optimizations).
Adding SRST signal on $auto$ff.cc:266:slice$424 ($dffe) from module top (D = \A [0], Q = \lsr_instance.s_A [0], rval = 1'0).
Adding SRST signal on $auto$ff.cc:266:slice$421 ($dffe) from module top (D = \B [3], Q = \rsr_instance.s_B [3], rval = 1'0).

7.31.7. Executing OPT_CLEAN pass (remove unused cells and wires).
Finding unused cells or wires in module \top..

7.31.8. Executing OPT_EXPR pass (perform const folding).
Optimizing module top.

7.31.9. Rerunning OPT passes. (Maybe there is more to do..)

7.31.10. Executing OPT_MUXTREE pass (detect dead branches in mux trees).
Running muxtree optimizer on module \top..
  Creating internal representation of mux trees.
  Evaluating internal representation of mux trees.
  Analyzing evaluation results.
Removed 0 multiplexer ports.

7.31.11. Executing OPT_REDUCE pass (consolidate $*mux and $reduce_* inputs).
  Optimizing cells in module \top.
Performed a total of 0 changes.

7.31.12. Executing OPT_MERGE pass (detect identical cells).
Finding identical cells in module `\top'.
Removed a total of 0 cells.

7.31.13. Executing OPT_DFF pass (perform DFF optimizations).

7.31.14. Executing OPT_CLEAN pass (remove unused cells and wires).
Finding unused cells or wires in module \top..

7.31.15. Executing OPT_EXPR pass (perform const folding).
Optimizing module top.

7.31.16. Finished OPT passes. (There is nothing left to do.)

7.32. Executing TECHMAP pass (map to technology primitives).

7.32.1. Executing Verilog-2005 frontend: /home/ale/miniconda3/envs/digital/bin/../share/yosys/techmap.v
Parsing Verilog input from `/home/ale/miniconda3/envs/digital/bin/../share/yosys/techmap.v' to AST representation.
Generating RTLIL representation for module `\_90_simplemap_bool_ops'.
Generating RTLIL representation for module `\_90_simplemap_reduce_ops'.
Generating RTLIL representation for module `\_90_simplemap_logic_ops'.
Generating RTLIL representation for module `\_90_simplemap_compare_ops'.
Generating RTLIL representation for module `\_90_simplemap_various'.
Generating RTLIL representation for module `\_90_simplemap_registers'.
Generating RTLIL representation for module `\_90_shift_ops_shr_shl_sshl_sshr'.
Generating RTLIL representation for module `\_90_shift_shiftx'.
Generating RTLIL representation for module `\_90_fa'.
Generating RTLIL representation for module `\_90_lcu'.
Generating RTLIL representation for module `\_90_alu'.
Generating RTLIL representation for module `\_90_macc'.
Generating RTLIL representation for module `\_90_alumacc'.
Generating RTLIL representation for module `\$__div_mod_u'.
Generating RTLIL representation for module `\$__div_mod_trunc'.
Generating RTLIL representation for module `\_90_div'.
Generating RTLIL representation for module `\_90_mod'.
Generating RTLIL representation for module `\$__div_mod_floor'.
Generating RTLIL representation for module `\_90_divfloor'.
Generating RTLIL representation for module `\_90_modfloor'.
Generating RTLIL representation for module `\_90_pow'.
Generating RTLIL representation for module `\_90_pmux'.
Generating RTLIL representation for module `\_90_demux'.
Generating RTLIL representation for module `\_90_lut'.
Successfully finished Verilog frontend.

7.32.2. Executing Verilog-2005 frontend: /home/ale/miniconda3/envs/digital/bin/../share/yosys/ecp5/arith_map.v
Parsing Verilog input from `/home/ale/miniconda3/envs/digital/bin/../share/yosys/ecp5/arith_map.v' to AST representation.
Generating RTLIL representation for module `\_80_ecp5_alu'.
Successfully finished Verilog frontend.

7.32.3. Continuing TECHMAP pass.
Using extmapper simplemap for cells of type $dff.
Using extmapper simplemap for cells of type $dffe.
Using extmapper simplemap for cells of type $sdffe.
Using template $paramod$b8c0a997bce700f23568a5ada79cc6781d1f5ca0\_90_alu for cells of type $alu.
Using extmapper simplemap for cells of type $mux.
Using extmapper simplemap for cells of type $sdffce.
Using extmapper simplemap for cells of type $logic_not.
Using extmapper simplemap for cells of type $ne.
Using extmapper simplemap for cells of type $and.
Using extmapper simplemap for cells of type $eq.
Using extmapper simplemap for cells of type $reduce_or.
Using template $paramod$b9513f2555ba02118b069422fea717af39120cf7\_80_ecp5_alu for cells of type $alu.
Using extmapper simplemap for cells of type $not.
Using extmapper simplemap for cells of type $reduce_and.
Using template $paramod$32e7c4d6f92ff4337599ece53082d2e88a82a9f2\_90_pmux for cells of type $pmux.
Using extmapper simplemap for cells of type $xor.
Using template $paramod\_90_lcu\WIDTH=32'00000000000000000000000000000011 for cells of type $lcu.
Using extmapper simplemap for cells of type $pos.
Using extmapper simplemap for cells of type $logic_or.
Using extmapper simplemap for cells of type $logic_and.
Using extmapper simplemap for cells of type $or.
No more expansions possible.

7.33. Executing OPT pass (performing simple optimizations).

7.33.1. Executing OPT_EXPR pass (perform const folding).
Optimizing module top.

7.33.2. Executing OPT_MERGE pass (detect identical cells).
Finding identical cells in module `\top'.
Removed a total of 1 cells.

7.33.3. Executing OPT_DFF pass (perform DFF optimizations).

7.33.4. Executing OPT_CLEAN pass (remove unused cells and wires).
Finding unused cells or wires in module \top..
Removed 24 unused cells and 102 unused wires.

7.33.5. Finished fast OPT passes.

7.34. Executing OPT_CLEAN pass (remove unused cells and wires).
Finding unused cells or wires in module \top..

7.35. Executing DFFLEGALIZE pass (convert FFs to types supported by the target).

7.36. Executing TECHMAP pass (map to technology primitives).

7.36.1. Executing Verilog-2005 frontend: /home/ale/miniconda3/envs/digital/bin/../share/yosys/ecp5/cells_map.v
Parsing Verilog input from `/home/ale/miniconda3/envs/digital/bin/../share/yosys/ecp5/cells_map.v' to AST representation.
Generating RTLIL representation for module `\$_DFF_N_'.
Generating RTLIL representation for module `\$_DFF_P_'.
Generating RTLIL representation for module `\$_DFFE_NN_'.
Generating RTLIL representation for module `\$_DFFE_PN_'.
Generating RTLIL representation for module `\$_DFFE_NP_'.
Generating RTLIL representation for module `\$_DFFE_PP_'.
Generating RTLIL representation for module `\$_DFF_NP0_'.
Generating RTLIL representation for module `\$_DFF_NP1_'.
Generating RTLIL representation for module `\$_DFF_PP0_'.
Generating RTLIL representation for module `\$_DFF_PP1_'.
Generating RTLIL representation for module `\$_SDFF_NP0_'.
Generating RTLIL representation for module `\$_SDFF_NP1_'.
Generating RTLIL representation for module `\$_SDFF_PP0_'.
Generating RTLIL representation for module `\$_SDFF_PP1_'.
Generating RTLIL representation for module `\$_DFFE_NP0P_'.
Generating RTLIL representation for module `\$_DFFE_NP1P_'.
Generating RTLIL representation for module `\$_DFFE_PP0P_'.
Generating RTLIL representation for module `\$_DFFE_PP1P_'.
Generating RTLIL representation for module `\$_DFFE_NP0N_'.
Generating RTLIL representation for module `\$_DFFE_NP1N_'.
Generating RTLIL representation for module `\$_DFFE_PP0N_'.
Generating RTLIL representation for module `\$_DFFE_PP1N_'.
Generating RTLIL representation for module `\$_SDFFE_NP0P_'.
Generating RTLIL representation for module `\$_SDFFE_NP1P_'.
Generating RTLIL representation for module `\$_SDFFE_PP0P_'.
Generating RTLIL representation for module `\$_SDFFE_PP1P_'.
Generating RTLIL representation for module `\$_SDFFE_NP0N_'.
Generating RTLIL representation for module `\$_SDFFE_NP1N_'.
Generating RTLIL representation for module `\$_SDFFE_PP0N_'.
Generating RTLIL representation for module `\$_SDFFE_PP1N_'.
Generating RTLIL representation for module `\$_ALDFF_NP_'.
Generating RTLIL representation for module `\$_ALDFF_PP_'.
Generating RTLIL representation for module `\$_ALDFFE_NPN_'.
Generating RTLIL representation for module `\$_ALDFFE_NPP_'.
Generating RTLIL representation for module `\$_ALDFFE_PPN_'.
Generating RTLIL representation for module `\$_ALDFFE_PPP_'.
Generating RTLIL representation for module `\FD1P3AX'.
Generating RTLIL representation for module `\FD1P3AY'.
Generating RTLIL representation for module `\FD1P3BX'.
Generating RTLIL representation for module `\FD1P3DX'.
Generating RTLIL representation for module `\FD1P3IX'.
Generating RTLIL representation for module `\FD1P3JX'.
Generating RTLIL representation for module `\FD1S3AX'.
Generating RTLIL representation for module `\FD1S3AY'.
Generating RTLIL representation for module `\FD1S3BX'.
Generating RTLIL representation for module `\FD1S3DX'.
Generating RTLIL representation for module `\FD1S3IX'.
Generating RTLIL representation for module `\FD1S3JX'.
Generating RTLIL representation for module `\IFS1P3BX'.
Generating RTLIL representation for module `\IFS1P3DX'.
Generating RTLIL representation for module `\IFS1P3IX'.
Generating RTLIL representation for module `\IFS1P3JX'.
Generating RTLIL representation for module `\OFS1P3BX'.
Generating RTLIL representation for module `\OFS1P3DX'.
Generating RTLIL representation for module `\OFS1P3IX'.
Generating RTLIL representation for module `\OFS1P3JX'.
Generating RTLIL representation for module `\IB'.
Generating RTLIL representation for module `\IBPU'.
Generating RTLIL representation for module `\IBPD'.
Generating RTLIL representation for module `\OB'.
Generating RTLIL representation for module `\OBZ'.
Generating RTLIL representation for module `\OBZPU'.
Generating RTLIL representation for module `\OBZPD'.
Generating RTLIL representation for module `\OBCO'.
Generating RTLIL representation for module `\BB'.
Generating RTLIL representation for module `\BBPU'.
Generating RTLIL representation for module `\BBPD'.
Generating RTLIL representation for module `\ILVDS'.
Generating RTLIL representation for module `\OLVDS'.
Successfully finished Verilog frontend.

7.36.2. Continuing TECHMAP pass.
Using template $paramod\$_DFFE_PP_\_TECHMAP_WIREINIT_Q_=1'x for cells of type $_DFFE_PP_.
Using template $paramod\$_DFF_P_\_TECHMAP_WIREINIT_Q_=1'x for cells of type $_DFF_P_.
Using template \$_SDFFE_PP0P_ for cells of type $_SDFFE_PP0P_.
No more expansions possible.

7.37. Executing OPT_EXPR pass (perform const folding).
Optimizing module top.

7.38. Executing SIMPLEMAP pass (map simple cells to gate primitives).

7.39. Executing LATTICE_GSR pass (implement FF init values).
Handling GSR in top.

7.40. Executing ATTRMVCP pass (move or copy attributes).

7.41. Executing OPT_CLEAN pass (remove unused cells and wires).
Finding unused cells or wires in module \top..
Removed 0 unused cells and 128 unused wires.

7.42. Executing TECHMAP pass (map to technology primitives).

7.42.1. Executing Verilog-2005 frontend: /home/ale/miniconda3/envs/digital/bin/../share/yosys/ecp5/latches_map.v
Parsing Verilog input from `/home/ale/miniconda3/envs/digital/bin/../share/yosys/ecp5/latches_map.v' to AST representation.
Generating RTLIL representation for module `\$_DLATCH_N_'.
Generating RTLIL representation for module `\$_DLATCH_P_'.
Successfully finished Verilog frontend.

7.42.2. Continuing TECHMAP pass.
No more expansions possible.

7.43. Executing ABC pass (technology mapping using ABC).

7.43.1. Extracting gate netlist of module `\top' to `<abc-temp-dir>/input.blif'..
Extracted 74 gates and 98 wires to a netlist network with 23 inputs and 26 outputs.

7.43.1.1. Executing ABC.
Running ABC command: "<yosys-exe-dir>/yosys-abc" -s -f <abc-temp-dir>/abc.script 2>&1
ABC: ABC command line: "source <abc-temp-dir>/abc.script".
ABC: 
ABC: + read_blif <abc-temp-dir>/input.blif 
ABC: + read_lut <abc-temp-dir>/lutdefs.txt 
ABC: + strash 
ABC: + &get -n 
ABC: + &fraig -x 
ABC: + &put 
ABC: + scorr 
ABC: Warning: The network is combinational (run "fraig" or "fraig_sweep").
ABC: + dc2 
ABC: + dretime 
ABC: + strash 
ABC: + dch -f 
ABC: + if 
ABC: + mfs2 
ABC: + dress <abc-temp-dir>/input.blif 
ABC: Total number of equiv classes                =      19.
ABC: Participating nodes from both networks       =      58.
ABC: Participating nodes from the first network   =      26. (  96.30 % of nodes)
ABC: Participating nodes from the second network  =      32. ( 118.52 % of nodes)
ABC: Node pairs (any polarity)                    =      26. (  96.30 % of names can be moved)
ABC: Node pairs (same polarity)                   =      26. (  96.30 % of names can be moved)
ABC: Total runtime =     0.01 sec
ABC: + write_blif <abc-temp-dir>/output.blif 

7.43.1.2. Re-integrating ABC results.
ABC RESULTS:              $lut cells:       26
ABC RESULTS:        internal signals:       49
ABC RESULTS:           input signals:       23
ABC RESULTS:          output signals:       26
Removing temp directory.
Removed 0 unused cells and 85 unused wires.

7.44. Executing TECHMAP pass (map to technology primitives).

7.44.1. Executing Verilog-2005 frontend: /home/ale/miniconda3/envs/digital/bin/../share/yosys/ecp5/cells_map.v
Parsing Verilog input from `/home/ale/miniconda3/envs/digital/bin/../share/yosys/ecp5/cells_map.v' to AST representation.
Generating RTLIL representation for module `\$_DFF_N_'.
Generating RTLIL representation for module `\$_DFF_P_'.
Generating RTLIL representation for module `\$_DFFE_NN_'.
Generating RTLIL representation for module `\$_DFFE_PN_'.
Generating RTLIL representation for module `\$_DFFE_NP_'.
Generating RTLIL representation for module `\$_DFFE_PP_'.
Generating RTLIL representation for module `\$_DFF_NP0_'.
Generating RTLIL representation for module `\$_DFF_NP1_'.
Generating RTLIL representation for module `\$_DFF_PP0_'.
Generating RTLIL representation for module `\$_DFF_PP1_'.
Generating RTLIL representation for module `\$_SDFF_NP0_'.
Generating RTLIL representation for module `\$_SDFF_NP1_'.
Generating RTLIL representation for module `\$_SDFF_PP0_'.
Generating RTLIL representation for module `\$_SDFF_PP1_'.
Generating RTLIL representation for module `\$_DFFE_NP0P_'.
Generating RTLIL representation for module `\$_DFFE_NP1P_'.
Generating RTLIL representation for module `\$_DFFE_PP0P_'.
Generating RTLIL representation for module `\$_DFFE_PP1P_'.
Generating RTLIL representation for module `\$_DFFE_NP0N_'.
Generating RTLIL representation for module `\$_DFFE_NP1N_'.
Generating RTLIL representation for module `\$_DFFE_PP0N_'.
Generating RTLIL representation for module `\$_DFFE_PP1N_'.
Generating RTLIL representation for module `\$_SDFFE_NP0P_'.
Generating RTLIL representation for module `\$_SDFFE_NP1P_'.
Generating RTLIL representation for module `\$_SDFFE_PP0P_'.
Generating RTLIL representation for module `\$_SDFFE_PP1P_'.
Generating RTLIL representation for module `\$_SDFFE_NP0N_'.
Generating RTLIL representation for module `\$_SDFFE_NP1N_'.
Generating RTLIL representation for module `\$_SDFFE_PP0N_'.
Generating RTLIL representation for module `\$_SDFFE_PP1N_'.
Generating RTLIL representation for module `\$_ALDFF_NP_'.
Generating RTLIL representation for module `\$_ALDFF_PP_'.
Generating RTLIL representation for module `\$_ALDFFE_NPN_'.
Generating RTLIL representation for module `\$_ALDFFE_NPP_'.
Generating RTLIL representation for module `\$_ALDFFE_PPN_'.
Generating RTLIL representation for module `\$_ALDFFE_PPP_'.
Generating RTLIL representation for module `\FD1P3AX'.
Generating RTLIL representation for module `\FD1P3AY'.
Generating RTLIL representation for module `\FD1P3BX'.
Generating RTLIL representation for module `\FD1P3DX'.
Generating RTLIL representation for module `\FD1P3IX'.
Generating RTLIL representation for module `\FD1P3JX'.
Generating RTLIL representation for module `\FD1S3AX'.
Generating RTLIL representation for module `\FD1S3AY'.
Generating RTLIL representation for module `\FD1S3BX'.
Generating RTLIL representation for module `\FD1S3DX'.
Generating RTLIL representation for module `\FD1S3IX'.
Generating RTLIL representation for module `\FD1S3JX'.
Generating RTLIL representation for module `\IFS1P3BX'.
Generating RTLIL representation for module `\IFS1P3DX'.
Generating RTLIL representation for module `\IFS1P3IX'.
Generating RTLIL representation for module `\IFS1P3JX'.
Generating RTLIL representation for module `\OFS1P3BX'.
Generating RTLIL representation for module `\OFS1P3DX'.
Generating RTLIL representation for module `\OFS1P3IX'.
Generating RTLIL representation for module `\OFS1P3JX'.
Generating RTLIL representation for module `\IB'.
Generating RTLIL representation for module `\IBPU'.
Generating RTLIL representation for module `\IBPD'.
Generating RTLIL representation for module `\OB'.
Generating RTLIL representation for module `\OBZ'.
Generating RTLIL representation for module `\OBZPU'.
Generating RTLIL representation for module `\OBZPD'.
Generating RTLIL representation for module `\OBCO'.
Generating RTLIL representation for module `\BB'.
Generating RTLIL representation for module `\BBPU'.
Generating RTLIL representation for module `\BBPD'.
Generating RTLIL representation for module `\ILVDS'.
Generating RTLIL representation for module `\OLVDS'.
Generating RTLIL representation for module `\$lut'.
Successfully finished Verilog frontend.

7.44.2. Continuing TECHMAP pass.
Using template $paramod$ad823946862e656cf7f96d606b18b8f972dc6d6c\$lut for cells of type $lut.
Using template $paramod$b08866866f3c9c75642303dc45f5239f2f7256e9\$lut for cells of type $lut.
Using template $paramod$fbf730f8e714ef4784b62108a7211e37bbf2c78f\$lut for cells of type $lut.
Using template $paramod\$lut\WIDTH=32'00000000000000000000000000000011\LUT=8'10010000 for cells of type $lut.
Using template $paramod$658b9ed803f0d3d335616d3858b53e0a2522f1e8\$lut for cells of type $lut.
Using template $paramod$7295da7c5b19f528a428229f2570e0a23ad372af\$lut for cells of type $lut.
Using template $paramod\$lut\WIDTH=32'00000000000000000000000000000011\LUT=8'01000000 for cells of type $lut.
Using template $paramod$b297295e19b03521716155b85537bbe86d6a9ae6\$lut for cells of type $lut.
Using template $paramod$c0a4d9417755c1bd5ec9a311325000b8535d91ad\$lut for cells of type $lut.
Using template $paramod$bc3bf234ad47e03645f2e809cc0558c92a4106b6\$lut for cells of type $lut.
Using template $paramod$cf652acbfbf67d2248e3045cd0f09c58ca55886c\$lut for cells of type $lut.
Using template $paramod\$lut\WIDTH=32'00000000000000000000000000000010\LUT=4'0100 for cells of type $lut.
No more expansions possible.

7.45. Executing OPT_LUT_INS pass (discard unused LUT inputs).
Optimizing LUTs in top.
  Optimizing lut $abc$994$auto$blifparse.cc:525:parse_blif$1002.genblk1.genblk1.genblk1.genblk1.genblk1.genblk1.lut1 (4 -> 0)
  Optimizing lut $abc$994$auto$blifparse.cc:525:parse_blif$1002.genblk1.genblk1.genblk1.genblk1.genblk1.genblk1.lut3 (4 -> 0)
  Optimizing lut $abc$994$auto$blifparse.cc:525:parse_blif$1006.genblk1.genblk1.genblk1.genblk1.genblk1.genblk1.lut1 (4 -> 0)
  Optimizing lut $abc$994$auto$blifparse.cc:525:parse_blif$1006.genblk1.genblk1.genblk1.genblk1.genblk1.genblk1.lut3 (4 -> 0)
  Optimizing lut $abc$994$auto$blifparse.cc:525:parse_blif$999.genblk1.genblk1.genblk1.genblk1.genblk1.lut1 (4 -> 0)
  Optimizing lut $abc$994$auto$blifparse.cc:525:parse_blif$1005.genblk1.genblk1.genblk1.genblk1.genblk1.genblk1.lut3 (4 -> 0)
  Optimizing lut $abc$994$auto$blifparse.cc:525:parse_blif$1004.genblk1.genblk1.genblk1.genblk1.genblk1.genblk1.lut3 (4 -> 0)
  Optimizing lut $abc$994$auto$blifparse.cc:525:parse_blif$1003.genblk1.genblk1.genblk1.genblk1.genblk1.genblk1.lut3 (4 -> 0)
  Optimizing lut $abc$994$auto$blifparse.cc:525:parse_blif$997.genblk1.genblk1.genblk1.genblk1.genblk1.genblk1.genblk1.lut1 (4 -> 2)
  Optimizing lut $abc$994$auto$blifparse.cc:525:parse_blif$997.genblk1.genblk1.genblk1.genblk1.genblk1.genblk1.genblk1.lut3 (4 -> 0)
  Optimizing lut $abc$994$auto$blifparse.cc:525:parse_blif$997.genblk1.genblk1.genblk1.genblk1.genblk1.genblk1.genblk1.lut4 (4 -> 0)
  Optimizing lut $abc$994$auto$blifparse.cc:525:parse_blif$997.genblk1.genblk1.genblk1.genblk1.genblk1.genblk1.genblk1.lut5 (4 -> 0)
  Optimizing lut $abc$994$auto$blifparse.cc:525:parse_blif$997.genblk1.genblk1.genblk1.genblk1.genblk1.genblk1.genblk1.lut6 (4 -> 0)
  Optimizing lut $abc$994$auto$blifparse.cc:525:parse_blif$997.genblk1.genblk1.genblk1.genblk1.genblk1.genblk1.genblk1.lut7 (4 -> 0)
  Optimizing lut $abc$994$auto$blifparse.cc:525:parse_blif$1001.genblk1.genblk1.genblk1.genblk1.genblk1.genblk1.lut1 (4 -> 0)
  Optimizing lut $abc$994$auto$blifparse.cc:525:parse_blif$1001.genblk1.genblk1.genblk1.genblk1.genblk1.genblk1.lut3 (4 -> 0)
  Optimizing lut $abc$994$auto$blifparse.cc:525:parse_blif$1003.genblk1.genblk1.genblk1.genblk1.genblk1.genblk1.lut1 (4 -> 0)
  Optimizing lut $abc$994$auto$blifparse.cc:525:parse_blif$1009.genblk1.genblk1.genblk1.genblk1.genblk1.lut0 (4 -> 1)
  Optimizing lut $abc$994$auto$blifparse.cc:525:parse_blif$1011.genblk1.genblk1.genblk1.genblk1.genblk1.lut0 (4 -> 0)
  Optimizing lut $abc$994$auto$blifparse.cc:525:parse_blif$1004.genblk1.genblk1.genblk1.genblk1.genblk1.genblk1.lut1 (4 -> 0)
  Optimizing lut $abc$994$auto$blifparse.cc:525:parse_blif$997.genblk1.genblk1.genblk1.genblk1.genblk1.genblk1.genblk1.lut0 (4 -> 2)
  Optimizing lut $abc$994$auto$blifparse.cc:525:parse_blif$1005.genblk1.genblk1.genblk1.genblk1.genblk1.genblk1.lut1 (4 -> 0)
Removed 0 unused cells and 48 unused wires.

7.46. Executing AUTONAME pass.
Renamed 476 objects in module top (12 iterations).

7.47. Executing HIERARCHY pass (managing design hierarchy).

7.47.1. Analyzing design hierarchy..
Top module:  \top

7.47.2. Analyzing design hierarchy..
Top module:  \top
Removed 0 unused modules.

7.48. Printing statistics.

=== top ===

   Number of wires:                114
   Number of wire bits:            195
   Number of public wires:         114
   Number of public wire bits:     195
   Number of memories:               0
   Number of memory bits:            0
   Number of processes:              0
   Number of cells:                108
     CCU2C                           4
     L6MUX21                         9
     LUT4                           52
     PFUMX                          19
     TRELLIS_FF                     24

7.49. Executing CHECK pass (checking for obvious problems).
Checking module top...
Found and reported 0 problems.

7.50. Executing JSON backend.

8. Executing Verilog backend.

8.1. Executing BMUXMAP pass.

8.2. Executing DEMUXMAP pass.
Dumping module `\top'.

Warnings: 2 unique messages, 2 total
End of script. Logfile hash: b42aa27285, CPU: user 1.39s system 0.05s, MEM: 24.38 MB peak
Yosys 0.33+6 (git sha1 41b34a193, x86_64-conda-linux-gnu-cc 11.2.0 -fvisibility-inlines-hidden -fmessage-length=0 -march=nocona -mtune=haswell -ftree-vectorize -fPIC -fstack-protector-strong -fno-plt -O2 -ffunction-sections -fdebug-prefix-map=/root/conda-eda/conda-eda/workdir/conda-env/conda-bld/yosys_1694128612374/work=/usr/local/src/conda/yosys-0.33_7_g41b34a193 -fdebug-prefix-map=/home/ale/miniconda3/envs/digital=/usr/local/src/conda-prefix -fPIC -Os -fno-merge-constants)
Time spent: 46% 25x read_verilog (0 sec), 12% 1x abc (0 sec), ...
